resources/01-user-interface/intro-to-xml-lesson/IntroIntoXml/app/build/outputs/logs/manifest-merger-debug-report.txt
-- Merging decision tree log ---
manifest
ADDED from src/main/AndroidManifest.xml:2:1-20:12
	package
		ADDED from src/main/AndroidManifest.xml:3:5-56
		INJECTED from src/main/AndroidManifest.xml
		INJECTED from src/main/AndroidManifest.xml
	android:versionName
		INJECTED from src/main/AndroidManifest.xml
		INJECTED from src/main/AndroidManifest.xml
	xmlns:android
		ADDED from src/main/AndroidManifest.xml:2:11-69
	android:versionCode
		INJECTED from src/main/AndroidManifest.xml
		INJECTED from src/main/AndroidManifest.xml
application
ADDED from src/main/AndroidManifest.xml:5:3-18:17
MERGED from [com.android.support:appcompat-v7:23.1.1] AndroidManifest.xml:22:5-20
MERGED from [com.android.support:support-v4:23.1.1] AndroidManifest.xml:22:5-20
	android:label
		ADDED from src/main/AndroidManifest.xml:8:7-39
	android:supportsRtl
		ADDED from src/main/AndroidManifest.xml:9:7-33
	android:allowBackup
		ADDED from src/main/AndroidManifest.xml:6:7-33
	android:icon
		ADDED from src/main/AndroidManifest.xml:7:7-41
	android:theme
		ADDED from src/main/AndroidManifest.xml:10:7-38
activity#generalassembly.yuliyakaleda.introintoxml.MainActivity
ADDED from src/main/AndroidManifest.xml:11:5-17:16
	android:name
		ADDED from src/main/AndroidManifest.xml:11:15-43
intent-filter#android.intent.action.MAIN+android.intent.category.LAUNCHER
ADDED from src/main/AndroidManifest.xml:12:7-16:23
action#android.intent.action.MAIN
ADDED from src/main/AndroidManifest.xml:13:9-61
	android:name
		ADDED from src/main/AndroidManifest.xml:13:17-58
category#android.intent.category.LAUNCHER
ADDED from src/main/AndroidManifest.xml:15:9-69
	android:name
		ADDED from src/main/AndroidManifest.xml:15:19-66
uses-sdk
INJECTED from src/main/AndroidManifest.xml reason: use-sdk injection requested
MERGED from [com.android.support:appcompat-v7:23.1.1] AndroidManifest.xml:20:5-43
MERGED from [com.android.support:support-v4:23.1.1] AndroidManifest.xml:20:5-43
	android:targetSdkVersion
		INJECTED from src/main/AndroidManifest.xml
		INJECTED from src/main/AndroidManifest.xml
	android:minSdkVersion
		INJECTED from src/main/AndroidManifest.xml
		INJECTED from src/main/AndroidManifest.xml